Installing backend dependencies...
**********************************

Obtaining file:///Users/andrew_brain/Augur/augur/augur_new
  Preparing metadata (setup.py): started
  Preparing metadata (setup.py): finished with status 'done'
Requirement already satisfied: alembic==1.7.7 in /Users/andrew_brain/.virtualenvs/env/lib/python3.9/site-packages (from Augur-Muskellunge==0.26.4) (1.7.7)
Requirement already satisfied: wheel in /Users/andrew_brain/.virtualenvs/env/lib/python3.9/site-packages (from Augur-Muskellunge==0.26.4) (0.37.1)
Requirement already satisfied: coloredlogs==15.0 in /Users/andrew_brain/.virtualenvs/env/lib/python3.9/site-packages (from Augur-Muskellunge==0.26.4) (15.0)
Requirement already satisfied: Beaker==1.11.0 in /Users/andrew_brain/.virtualenvs/env/lib/python3.9/site-packages (from Augur-Muskellunge==0.26.4) (1.11.0)
Requirement already satisfied: SQLAlchemy==1.3.23 in /Users/andrew_brain/.virtualenvs/env/lib/python3.9/site-packages (from Augur-Muskellunge==0.26.4) (1.3.23)
Requirement already satisfied: itsdangerous==2.0.1 in /Users/andrew_brain/.virtualenvs/env/lib/python3.9/site-packages (from Augur-Muskellunge==0.26.4) (2.0.1)
Requirement already satisfied: Jinja2==3.0.2 in /Users/andrew_brain/.virtualenvs/env/lib/python3.9/site-packages (from Augur-Muskellunge==0.26.4) (3.0.2)
Requirement already satisfied: Flask==2.0.2 in /Users/andrew_brain/.virtualenvs/env/lib/python3.9/site-packages (from Augur-Muskellunge==0.26.4) (2.0.2)
Requirement already satisfied: Flask-Cors==3.0.10 in /Users/andrew_brain/.virtualenvs/env/lib/python3.9/site-packages (from Augur-Muskellunge==0.26.4) (3.0.10)
Requirement already satisfied: Flask-Login==0.5.0 in /Users/andrew_brain/.virtualenvs/env/lib/python3.9/site-packages (from Augur-Muskellunge==0.26.4) (0.5.0)
Requirement already satisfied: Flask-WTF==1.0.0 in /Users/andrew_brain/.virtualenvs/env/lib/python3.9/site-packages (from Augur-Muskellunge==0.26.4) (1.0.0)
Requirement already satisfied: pandas==1.3.5 in /Users/andrew_brain/.virtualenvs/env/lib/python3.9/site-packages (from Augur-Muskellunge==0.26.4) (1.3.5)
Requirement already satisfied: numpy==1.21 in /Users/andrew_brain/.virtualenvs/env/lib/python3.9/site-packages (from Augur-Muskellunge==0.26.4) (1.21.0)
Requirement already satisfied: requests==2.27.1 in /Users/andrew_brain/.virtualenvs/env/lib/python3.9/site-packages (from Augur-Muskellunge==0.26.4) (2.27.1)
Requirement already satisfied: psycopg2-binary==2.9.3 in /Users/andrew_brain/.virtualenvs/env/lib/python3.9/site-packages (from Augur-Muskellunge==0.26.4) (2.9.3)
Requirement already satisfied: click==8.0.3 in /Users/andrew_brain/.virtualenvs/env/lib/python3.9/site-packages (from Augur-Muskellunge==0.26.4) (8.0.3)
Requirement already satisfied: psutil==5.8.0 in /Users/andrew_brain/.virtualenvs/env/lib/python3.9/site-packages (from Augur-Muskellunge==0.26.4) (5.8.0)
Requirement already satisfied: gunicorn==20.1.0 in /Users/andrew_brain/.virtualenvs/env/lib/python3.9/site-packages (from Augur-Muskellunge==0.26.4) (20.1.0)
Requirement already satisfied: six==1.15.0 in /Users/andrew_brain/.virtualenvs/env/lib/python3.9/site-packages (from Augur-Muskellunge==0.26.4) (1.15.0)
Requirement already satisfied: bokeh==2.0.2 in /Users/andrew_brain/.virtualenvs/env/lib/python3.9/site-packages (from Augur-Muskellunge==0.26.4) (2.0.2)
Requirement already satisfied: selenium==3.141.0 in /Users/andrew_brain/.virtualenvs/env/lib/python3.9/site-packages (from Augur-Muskellunge==0.26.4) (3.141.0)
Requirement already satisfied: dask>=2021.6.2 in /Users/andrew_brain/.virtualenvs/env/lib/python3.9/site-packages (from Augur-Muskellunge==0.26.4) (2022.7.0)
Requirement already satisfied: cloudpickle>=0.2.2 in /Users/andrew_brain/.virtualenvs/env/lib/python3.9/site-packages (from Augur-Muskellunge==0.26.4) (2.1.0)
Requirement already satisfied: fsspec>=0.6.0 in /Users/andrew_brain/.virtualenvs/env/lib/python3.9/site-packages (from Augur-Muskellunge==0.26.4) (2022.5.0)
Requirement already satisfied: toolz>=0.8.2 in /Users/andrew_brain/.virtualenvs/env/lib/python3.9/site-packages (from Augur-Muskellunge==0.26.4) (0.12.0)
Requirement already satisfied: partd>=0.3.10 in /Users/andrew_brain/.virtualenvs/env/lib/python3.9/site-packages (from Augur-Muskellunge==0.26.4) (1.2.0)
Requirement already satisfied: distributed>=2021.03.0 in /Users/andrew_brain/.virtualenvs/env/lib/python3.9/site-packages (from Augur-Muskellunge==0.26.4) (2022.7.0)
Requirement already satisfied: nltk==3.6.6 in /Users/andrew_brain/.virtualenvs/env/lib/python3.9/site-packages (from Augur-Muskellunge==0.26.4) (3.6.6)
Requirement already satisfied: h5py~=3.6.0 in /Users/andrew_brain/.virtualenvs/env/lib/python3.9/site-packages (from Augur-Muskellunge==0.26.4) (3.6.0)
Requirement already satisfied: scipy==1.7.3 in /Users/andrew_brain/.virtualenvs/env/lib/python3.9/site-packages (from Augur-Muskellunge==0.26.4) (1.7.3)
Requirement already satisfied: blinker==1.4 in /Users/andrew_brain/.virtualenvs/env/lib/python3.9/site-packages (from Augur-Muskellunge==0.26.4) (1.4)
Requirement already satisfied: protobuf>3.6.0 in /Users/andrew_brain/.virtualenvs/env/lib/python3.9/site-packages (from Augur-Muskellunge==0.26.4) (4.21.2)
Requirement already satisfied: slack==0.0.2 in /Users/andrew_brain/.virtualenvs/env/lib/python3.9/site-packages (from Augur-Muskellunge==0.26.4) (0.0.2)
Requirement already satisfied: boto3==1.17.57 in /Users/andrew_brain/.virtualenvs/env/lib/python3.9/site-packages (from Augur-Muskellunge==0.26.4) (1.17.57)
Requirement already satisfied: toml in /Users/andrew_brain/.virtualenvs/env/lib/python3.9/site-packages (from Augur-Muskellunge==0.26.4) (0.10.2)
Requirement already satisfied: mistune==0.8.4 in /Users/andrew_brain/.virtualenvs/env/lib/python3.9/site-packages (from Augur-Muskellunge==0.26.4) (0.8.4)
Requirement already satisfied: pyYaml in /Users/andrew_brain/.virtualenvs/env/lib/python3.9/site-packages (from Augur-Muskellunge==0.26.4) (6.0)
Requirement already satisfied: flask-sqlalchemy==2.5.1 in /Users/andrew_brain/.virtualenvs/env/lib/python3.9/site-packages (from Augur-Muskellunge==0.26.4) (2.5.1)
Requirement already satisfied: redis==4.3.3 in /Users/andrew_brain/.virtualenvs/env/lib/python3.9/site-packages (from Augur-Muskellunge==0.26.4) (4.3.3)
Requirement already satisfied: XlsxWriter==1.3.7 in /Users/andrew_brain/.virtualenvs/env/lib/python3.9/site-packages (from Augur-Muskellunge==0.26.4) (1.3.7)
Requirement already satisfied: celery==5.2.7 in /Users/andrew_brain/.virtualenvs/env/lib/python3.9/site-packages (from Augur-Muskellunge==0.26.4) (5.2.7)
Requirement already satisfied: httpx==0.23.0 in /Users/andrew_brain/.virtualenvs/env/lib/python3.9/site-packages (from Augur-Muskellunge==0.26.4) (0.23.0)
Requirement already satisfied: flask-migrate==3.1.0 in /Users/andrew_brain/.virtualenvs/env/lib/python3.9/site-packages (from Augur-Muskellunge==0.26.4) (3.1.0)
Requirement already satisfied: tox==3.24.4 in /Users/andrew_brain/.virtualenvs/env/lib/python3.9/site-packages (from Augur-Muskellunge==0.26.4) (3.24.4)
Requirement already satisfied: pytest==6.2.5 in /Users/andrew_brain/.virtualenvs/env/lib/python3.9/site-packages (from Augur-Muskellunge==0.26.4) (6.2.5)
Requirement already satisfied: ipdb==0.13.9 in /Users/andrew_brain/.virtualenvs/env/lib/python3.9/site-packages (from Augur-Muskellunge==0.26.4) (0.13.9)
Requirement already satisfied: sphinx==4.2.0 in /Users/andrew_brain/.virtualenvs/env/lib/python3.9/site-packages (from Augur-Muskellunge==0.26.4) (4.2.0)
Requirement already satisfied: sphinx_rtd_theme==1.0.0 in /Users/andrew_brain/.virtualenvs/env/lib/python3.9/site-packages (from Augur-Muskellunge==0.26.4) (1.0.0)
Requirement already satisfied: sphinxcontrib-openapi==0.7.0 in /Users/andrew_brain/.virtualenvs/env/lib/python3.9/site-packages (from Augur-Muskellunge==0.26.4) (0.7.0)
Requirement already satisfied: sphinxcontrib-redoc==1.6.0 in /Users/andrew_brain/.virtualenvs/env/lib/python3.9/site-packages (from Augur-Muskellunge==0.26.4) (1.6.0)
Requirement already satisfied: docutils==0.17.1 in /Users/andrew_brain/.virtualenvs/env/lib/python3.9/site-packages (from Augur-Muskellunge==0.26.4) (0.17.1)
Requirement already satisfied: Mako in /Users/andrew_brain/.virtualenvs/env/lib/python3.9/site-packages (from alembic==1.7.7->Augur-Muskellunge==0.26.4) (1.2.1)
Requirement already satisfied: python-dateutil>=2.1 in /Users/andrew_brain/.virtualenvs/env/lib/python3.9/site-packages (from bokeh==2.0.2->Augur-Muskellunge==0.26.4) (2.8.2)
Requirement already satisfied: pillow>=4.0 in /Users/andrew_brain/.virtualenvs/env/lib/python3.9/site-packages (from bokeh==2.0.2->Augur-Muskellunge==0.26.4) (9.2.0)
Requirement already satisfied: packaging>=16.8 in /Users/andrew_brain/.virtualenvs/env/lib/python3.9/site-packages (from bokeh==2.0.2->Augur-Muskellunge==0.26.4) (21.3)
Requirement already satisfied: tornado>=5 in /Users/andrew_brain/.virtualenvs/env/lib/python3.9/site-packages (from bokeh==2.0.2->Augur-Muskellunge==0.26.4) (6.1)
Requirement already satisfied: typing_extensions>=3.7.4 in /Users/andrew_brain/.virtualenvs/env/lib/python3.9/site-packages (from bokeh==2.0.2->Augur-Muskellunge==0.26.4) (4.3.0)
Requirement already satisfied: botocore<1.21.0,>=1.20.57 in /Users/andrew_brain/.virtualenvs/env/lib/python3.9/site-packages (from boto3==1.17.57->Augur-Muskellunge==0.26.4) (1.20.112)
Requirement already satisfied: s3transfer<0.5.0,>=0.4.0 in /Users/andrew_brain/.virtualenvs/env/lib/python3.9/site-packages (from boto3==1.17.57->Augur-Muskellunge==0.26.4) (0.4.2)
Requirement already satisfied: jmespath<1.0.0,>=0.7.1 in /Users/andrew_brain/.virtualenvs/env/lib/python3.9/site-packages (from boto3==1.17.57->Augur-Muskellunge==0.26.4) (0.10.0)
Requirement already satisfied: billiard<4.0,>=3.6.4.0 in /Users/andrew_brain/.virtualenvs/env/lib/python3.9/site-packages (from celery==5.2.7->Augur-Muskellunge==0.26.4) (3.6.4.0)
Requirement already satisfied: click-plugins>=1.1.1 in /Users/andrew_brain/.virtualenvs/env/lib/python3.9/site-packages (from celery==5.2.7->Augur-Muskellunge==0.26.4) (1.1.1)
Requirement already satisfied: click-repl>=0.2.0 in /Users/andrew_brain/.virtualenvs/env/lib/python3.9/site-packages (from celery==5.2.7->Augur-Muskellunge==0.26.4) (0.2.0)
Requirement already satisfied: pytz>=2021.3 in /Users/andrew_brain/.virtualenvs/env/lib/python3.9/site-packages (from celery==5.2.7->Augur-Muskellunge==0.26.4) (2022.1)
Requirement already satisfied: click-didyoumean>=0.0.3 in /Users/andrew_brain/.virtualenvs/env/lib/python3.9/site-packages (from celery==5.2.7->Augur-Muskellunge==0.26.4) (0.3.0)
Requirement already satisfied: kombu<6.0,>=5.2.3 in /Users/andrew_brain/.virtualenvs/env/lib/python3.9/site-packages (from celery==5.2.7->Augur-Muskellunge==0.26.4) (5.2.4)
Requirement already satisfied: vine<6.0,>=5.0.0 in /Users/andrew_brain/.virtualenvs/env/lib/python3.9/site-packages (from celery==5.2.7->Augur-Muskellunge==0.26.4) (5.0.0)
Requirement already satisfied: humanfriendly>=9.1 in /Users/andrew_brain/.virtualenvs/env/lib/python3.9/site-packages (from coloredlogs==15.0->Augur-Muskellunge==0.26.4) (10.0)
Requirement already satisfied: Werkzeug>=2.0 in /Users/andrew_brain/.virtualenvs/env/lib/python3.9/site-packages (from Flask==2.0.2->Augur-Muskellunge==0.26.4) (2.1.2)
Requirement already satisfied: WTForms in /Users/andrew_brain/.virtualenvs/env/lib/python3.9/site-packages (from Flask-WTF==1.0.0->Augur-Muskellunge==0.26.4) (3.0.1)
Requirement already satisfied: setuptools>=3.0 in /Users/andrew_brain/.virtualenvs/env/lib/python3.9/site-packages (from gunicorn==20.1.0->Augur-Muskellunge==0.26.4) (58.1.0)
Requirement already satisfied: httpcore<0.16.0,>=0.15.0 in /Users/andrew_brain/.virtualenvs/env/lib/python3.9/site-packages (from httpx==0.23.0->Augur-Muskellunge==0.26.4) (0.15.0)
Requirement already satisfied: certifi in /Users/andrew_brain/.virtualenvs/env/lib/python3.9/site-packages (from httpx==0.23.0->Augur-Muskellunge==0.26.4) (2022.6.15)
Requirement already satisfied: rfc3986[idna2008]<2,>=1.3 in /Users/andrew_brain/.virtualenvs/env/lib/python3.9/site-packages (from httpx==0.23.0->Augur-Muskellunge==0.26.4) (1.5.0)
Requirement already satisfied: sniffio in /Users/andrew_brain/.virtualenvs/env/lib/python3.9/site-packages (from httpx==0.23.0->Augur-Muskellunge==0.26.4) (1.2.0)
Requirement already satisfied: ipython>=7.17.0 in /Users/andrew_brain/.virtualenvs/env/lib/python3.9/site-packages (from ipdb==0.13.9->Augur-Muskellunge==0.26.4) (8.4.0)
Requirement already satisfied: decorator in /Users/andrew_brain/.virtualenvs/env/lib/python3.9/site-packages (from ipdb==0.13.9->Augur-Muskellunge==0.26.4) (5.1.1)
Requirement already satisfied: MarkupSafe>=2.0 in /Users/andrew_brain/.virtualenvs/env/lib/python3.9/site-packages (from Jinja2==3.0.2->Augur-Muskellunge==0.26.4) (2.1.1)
Requirement already satisfied: tqdm in /Users/andrew_brain/.virtualenvs/env/lib/python3.9/site-packages (from nltk==3.6.6->Augur-Muskellunge==0.26.4) (4.64.0)
Requirement already satisfied: joblib in /Users/andrew_brain/.virtualenvs/env/lib/python3.9/site-packages (from nltk==3.6.6->Augur-Muskellunge==0.26.4) (1.1.0)
Requirement already satisfied: regex>=2021.8.3 in /Users/andrew_brain/.virtualenvs/env/lib/python3.9/site-packages (from nltk==3.6.6->Augur-Muskellunge==0.26.4) (2022.7.9)
Requirement already satisfied: pluggy<2.0,>=0.12 in /Users/andrew_brain/.virtualenvs/env/lib/python3.9/site-packages (from pytest==6.2.5->Augur-Muskellunge==0.26.4) (1.0.0)
Requirement already satisfied: attrs>=19.2.0 in /Users/andrew_brain/.virtualenvs/env/lib/python3.9/site-packages (from pytest==6.2.5->Augur-Muskellunge==0.26.4) (21.4.0)
Requirement already satisfied: py>=1.8.2 in /Users/andrew_brain/.virtualenvs/env/lib/python3.9/site-packages (from pytest==6.2.5->Augur-Muskellunge==0.26.4) (1.11.0)
Requirement already satisfied: iniconfig in /Users/andrew_brain/.virtualenvs/env/lib/python3.9/site-packages (from pytest==6.2.5->Augur-Muskellunge==0.26.4) (1.1.1)
Requirement already satisfied: deprecated>=1.2.3 in /Users/andrew_brain/.virtualenvs/env/lib/python3.9/site-packages (from redis==4.3.3->Augur-Muskellunge==0.26.4) (1.2.13)
Requirement already satisfied: async-timeout>=4.0.2 in /Users/andrew_brain/.virtualenvs/env/lib/python3.9/site-packages (from redis==4.3.3->Augur-Muskellunge==0.26.4) (4.0.2)
Requirement already satisfied: urllib3<1.27,>=1.21.1 in /Users/andrew_brain/.virtualenvs/env/lib/python3.9/site-packages (from requests==2.27.1->Augur-Muskellunge==0.26.4) (1.26.10)
Requirement already satisfied: idna<4,>=2.5 in /Users/andrew_brain/.virtualenvs/env/lib/python3.9/site-packages (from requests==2.27.1->Augur-Muskellunge==0.26.4) (3.3)
Requirement already satisfied: charset-normalizer~=2.0.0 in /Users/andrew_brain/.virtualenvs/env/lib/python3.9/site-packages (from requests==2.27.1->Augur-Muskellunge==0.26.4) (2.0.12)
Requirement already satisfied: sphinxcontrib-jsmath in /Users/andrew_brain/.virtualenvs/env/lib/python3.9/site-packages (from sphinx==4.2.0->Augur-Muskellunge==0.26.4) (1.0.1)
Requirement already satisfied: sphinxcontrib-applehelp in /Users/andrew_brain/.virtualenvs/env/lib/python3.9/site-packages (from sphinx==4.2.0->Augur-Muskellunge==0.26.4) (1.0.2)
Requirement already satisfied: sphinxcontrib-htmlhelp>=2.0.0 in /Users/andrew_brain/.virtualenvs/env/lib/python3.9/site-packages (from sphinx==4.2.0->Augur-Muskellunge==0.26.4) (2.0.0)
Requirement already satisfied: Pygments>=2.0 in /Users/andrew_brain/.virtualenvs/env/lib/python3.9/site-packages (from sphinx==4.2.0->Augur-Muskellunge==0.26.4) (2.12.0)
Requirement already satisfied: imagesize in /Users/andrew_brain/.virtualenvs/env/lib/python3.9/site-packages (from sphinx==4.2.0->Augur-Muskellunge==0.26.4) (1.4.1)
Requirement already satisfied: babel>=1.3 in /Users/andrew_brain/.virtualenvs/env/lib/python3.9/site-packages (from sphinx==4.2.0->Augur-Muskellunge==0.26.4) (2.10.3)
Requirement already satisfied: sphinxcontrib-qthelp in /Users/andrew_brain/.virtualenvs/env/lib/python3.9/site-packages (from sphinx==4.2.0->Augur-Muskellunge==0.26.4) (1.0.3)
Requirement already satisfied: sphinxcontrib-serializinghtml>=1.1.5 in /Users/andrew_brain/.virtualenvs/env/lib/python3.9/site-packages (from sphinx==4.2.0->Augur-Muskellunge==0.26.4) (1.1.5)
Requirement already satisfied: sphinxcontrib-devhelp in /Users/andrew_brain/.virtualenvs/env/lib/python3.9/site-packages (from sphinx==4.2.0->Augur-Muskellunge==0.26.4) (1.0.2)
Requirement already satisfied: snowballstemmer>=1.1 in /Users/andrew_brain/.virtualenvs/env/lib/python3.9/site-packages (from sphinx==4.2.0->Augur-Muskellunge==0.26.4) (2.2.0)
Requirement already satisfied: alabaster<0.8,>=0.7 in /Users/andrew_brain/.virtualenvs/env/lib/python3.9/site-packages (from sphinx==4.2.0->Augur-Muskellunge==0.26.4) (0.7.12)
Requirement already satisfied: sphinxcontrib-httpdomain>=1.5.0 in /Users/andrew_brain/.virtualenvs/env/lib/python3.9/site-packages (from sphinxcontrib-openapi==0.7.0->Augur-Muskellunge==0.26.4) (1.8.0)
Requirement already satisfied: jsonschema>=2.5.1 in /Users/andrew_brain/.virtualenvs/env/lib/python3.9/site-packages (from sphinxcontrib-openapi==0.7.0->Augur-Muskellunge==0.26.4) (4.7.2)
Requirement already satisfied: m2r>=0.2 in /Users/andrew_brain/.virtualenvs/env/lib/python3.9/site-packages (from sphinxcontrib-openapi==0.7.0->Augur-Muskellunge==0.26.4) (0.2.1)
Requirement already satisfied: filelock>=3.0.0 in /Users/andrew_brain/.virtualenvs/env/lib/python3.9/site-packages (from tox==3.24.4->Augur-Muskellunge==0.26.4) (3.7.1)
Requirement already satisfied: virtualenv!=20.0.0,!=20.0.1,!=20.0.2,!=20.0.3,!=20.0.4,!=20.0.5,!=20.0.6,!=20.0.7,>=16.0.0 in /Users/andrew_brain/.virtualenvs/env/lib/python3.9/site-packages (from tox==3.24.4->Augur-Muskellunge==0.26.4) (20.15.1)
Requirement already satisfied: sortedcontainers!=2.0.0,!=2.0.1 in /Users/andrew_brain/.virtualenvs/env/lib/python3.9/site-packages (from distributed>=2021.03.0->Augur-Muskellunge==0.26.4) (2.4.0)
Requirement already satisfied: msgpack>=0.6.0 in /Users/andrew_brain/.virtualenvs/env/lib/python3.9/site-packages (from distributed>=2021.03.0->Augur-Muskellunge==0.26.4) (1.0.4)
Requirement already satisfied: zict>=0.1.3 in /Users/andrew_brain/.virtualenvs/env/lib/python3.9/site-packages (from distributed>=2021.03.0->Augur-Muskellunge==0.26.4) (2.2.0)
Requirement already satisfied: locket>=1.0.0 in /Users/andrew_brain/.virtualenvs/env/lib/python3.9/site-packages (from distributed>=2021.03.0->Augur-Muskellunge==0.26.4) (1.0.0)
Requirement already satisfied: tblib>=1.6.0 in /Users/andrew_brain/.virtualenvs/env/lib/python3.9/site-packages (from distributed>=2021.03.0->Augur-Muskellunge==0.26.4) (1.7.0)
Requirement already satisfied: prompt-toolkit in /Users/andrew_brain/.virtualenvs/env/lib/python3.9/site-packages (from click-repl>=0.2.0->celery==5.2.7->Augur-Muskellunge==0.26.4) (3.0.30)
Requirement already satisfied: wrapt<2,>=1.10 in /Users/andrew_brain/.virtualenvs/env/lib/python3.9/site-packages (from deprecated>=1.2.3->redis==4.3.3->Augur-Muskellunge==0.26.4) (1.14.1)
Requirement already satisfied: anyio==3.* in /Users/andrew_brain/.virtualenvs/env/lib/python3.9/site-packages (from httpcore<0.16.0,>=0.15.0->httpx==0.23.0->Augur-Muskellunge==0.26.4) (3.6.1)
Requirement already satisfied: h11<0.13,>=0.11 in /Users/andrew_brain/.virtualenvs/env/lib/python3.9/site-packages (from httpcore<0.16.0,>=0.15.0->httpx==0.23.0->Augur-Muskellunge==0.26.4) (0.12.0)
Requirement already satisfied: matplotlib-inline in /Users/andrew_brain/.virtualenvs/env/lib/python3.9/site-packages (from ipython>=7.17.0->ipdb==0.13.9->Augur-Muskellunge==0.26.4) (0.1.3)
Requirement already satisfied: stack-data in /Users/andrew_brain/.virtualenvs/env/lib/python3.9/site-packages (from ipython>=7.17.0->ipdb==0.13.9->Augur-Muskellunge==0.26.4) (0.3.0)
Requirement already satisfied: appnope in /Users/andrew_brain/.virtualenvs/env/lib/python3.9/site-packages (from ipython>=7.17.0->ipdb==0.13.9->Augur-Muskellunge==0.26.4) (0.1.3)
Requirement already satisfied: jedi>=0.16 in /Users/andrew_brain/.virtualenvs/env/lib/python3.9/site-packages (from ipython>=7.17.0->ipdb==0.13.9->Augur-Muskellunge==0.26.4) (0.18.1)
Requirement already satisfied: pexpect>4.3 in /Users/andrew_brain/.virtualenvs/env/lib/python3.9/site-packages (from ipython>=7.17.0->ipdb==0.13.9->Augur-Muskellunge==0.26.4) (4.8.0)
Requirement already satisfied: traitlets>=5 in /Users/andrew_brain/.virtualenvs/env/lib/python3.9/site-packages (from ipython>=7.17.0->ipdb==0.13.9->Augur-Muskellunge==0.26.4) (5.3.0)
Requirement already satisfied: pickleshare in /Users/andrew_brain/.virtualenvs/env/lib/python3.9/site-packages (from ipython>=7.17.0->ipdb==0.13.9->Augur-Muskellunge==0.26.4) (0.7.5)
Requirement already satisfied: backcall in /Users/andrew_brain/.virtualenvs/env/lib/python3.9/site-packages (from ipython>=7.17.0->ipdb==0.13.9->Augur-Muskellunge==0.26.4) (0.2.0)
Requirement already satisfied: pyrsistent!=0.17.0,!=0.17.1,!=0.17.2,>=0.14.0 in /Users/andrew_brain/.virtualenvs/env/lib/python3.9/site-packages (from jsonschema>=2.5.1->sphinxcontrib-openapi==0.7.0->Augur-Muskellunge==0.26.4) (0.18.1)
Requirement already satisfied: amqp<6.0.0,>=5.0.9 in /Users/andrew_brain/.virtualenvs/env/lib/python3.9/site-packages (from kombu<6.0,>=5.2.3->celery==5.2.7->Augur-Muskellunge==0.26.4) (5.1.1)
Requirement already satisfied: pyparsing!=3.0.5,>=2.0.2 in /Users/andrew_brain/.virtualenvs/env/lib/python3.9/site-packages (from packaging>=16.8->bokeh==2.0.2->Augur-Muskellunge==0.26.4) (3.0.9)
Requirement already satisfied: distlib<1,>=0.3.1 in /Users/andrew_brain/.virtualenvs/env/lib/python3.9/site-packages (from virtualenv!=20.0.0,!=20.0.1,!=20.0.2,!=20.0.3,!=20.0.4,!=20.0.5,!=20.0.6,!=20.0.7,>=16.0.0->tox==3.24.4->Augur-Muskellunge==0.26.4) (0.3.5)
Requirement already satisfied: platformdirs<3,>=2 in /Users/andrew_brain/.virtualenvs/env/lib/python3.9/site-packages (from virtualenv!=20.0.0,!=20.0.1,!=20.0.2,!=20.0.3,!=20.0.4,!=20.0.5,!=20.0.6,!=20.0.7,>=16.0.0->tox==3.24.4->Augur-Muskellunge==0.26.4) (2.5.2)
Requirement already satisfied: heapdict in /Users/andrew_brain/.virtualenvs/env/lib/python3.9/site-packages (from zict>=0.1.3->distributed>=2021.03.0->Augur-Muskellunge==0.26.4) (1.0.1)
Requirement already satisfied: parso<0.9.0,>=0.8.0 in /Users/andrew_brain/.virtualenvs/env/lib/python3.9/site-packages (from jedi>=0.16->ipython>=7.17.0->ipdb==0.13.9->Augur-Muskellunge==0.26.4) (0.8.3)
Requirement already satisfied: ptyprocess>=0.5 in /Users/andrew_brain/.virtualenvs/env/lib/python3.9/site-packages (from pexpect>4.3->ipython>=7.17.0->ipdb==0.13.9->Augur-Muskellunge==0.26.4) (0.7.0)
Requirement already satisfied: wcwidth in /Users/andrew_brain/.virtualenvs/env/lib/python3.9/site-packages (from prompt-toolkit->click-repl>=0.2.0->celery==5.2.7->Augur-Muskellunge==0.26.4) (0.2.5)
Requirement already satisfied: pure-eval in /Users/andrew_brain/.virtualenvs/env/lib/python3.9/site-packages (from stack-data->ipython>=7.17.0->ipdb==0.13.9->Augur-Muskellunge==0.26.4) (0.2.2)
Requirement already satisfied: executing in /Users/andrew_brain/.virtualenvs/env/lib/python3.9/site-packages (from stack-data->ipython>=7.17.0->ipdb==0.13.9->Augur-Muskellunge==0.26.4) (0.8.3)
Requirement already satisfied: asttokens in /Users/andrew_brain/.virtualenvs/env/lib/python3.9/site-packages (from stack-data->ipython>=7.17.0->ipdb==0.13.9->Augur-Muskellunge==0.26.4) (2.0.5)
Installing collected packages: Augur-Muskellunge
  Attempting uninstall: Augur-Muskellunge
    Found existing installation: Augur-Muskellunge 0.26.4
    Uninstalling Augur-Muskellunge-0.26.4:
      Successfully uninstalled Augur-Muskellunge-0.26.4
  Running setup.py develop for Augur-Muskellunge
Successfully installed Augur-Muskellunge-0.26.4
WARNING: You are using pip version 22.0.4; however, version 22.1.2 is available.
You should consider upgrading via the '/Users/andrew_brain/.virtualenvs/env/bin/python3 -m pip install --upgrade pip' command.
